{"numTotalTestSuites":50,"numPassedTestSuites":50,"numFailedTestSuites":0,"numPendingTestSuites":0,"numTotalTests":140,"numPassedTests":140,"numFailedTests":0,"numPendingTests":0,"numTodoTests":0,"snapshot":{"added":0,"failure":false,"filesAdded":0,"filesRemoved":0,"filesRemovedList":[],"filesUnmatched":0,"filesUpdated":0,"matched":8,"total":8,"unchecked":0,"uncheckedKeysByFile":[],"unmatched":0,"updated":0,"didUpdate":false},"startTime":1785340791080,"success":true,"testResults":[{"assertionResults":[{"ancestorTitles":["collabBridge - 生命周期"],"fullName":"collabBridge - 生命周期 startHost 触发 connected 后进入 host 在线态","status":"passed","title":"startHost 触发 connected 后进入 host 在线态","duration":335.9286000000002,"failureMessages":[],"meta":{}},{"ancestorTitles":["collabBridge - 生命周期"],"fullName":"collabBridge - 生命周期 joinSession 触发 connected 后进入 guest 在线态","status":"passed","title":"joinSession 触发 connected 后进入 guest 在线态","duration":1.641899999999623,"failureMessages":[],"meta":{}},{"ancestorTitles":["collabBridge - 本地编辑广播"],"fullName":"collabBridge - 本地编辑广播 单行改动 → 广播 delta_set 并写入审计日志","status":"passed","title":"单行改动 → 广播 delta_set 并写入审计日志","duration":6.935199999999895,"failureMessages":[],"meta":{}},{"ancestorTitles":["collabBridge - 权限强制（仅查看）"],"fullName":"collabBridge - 权限强制（仅查看） guest 仅查看模式下本地编辑被回滚并报错","status":"passed","title":"guest 仅查看模式下本地编辑被回滚并报错","duration":3.2303000000001703,"failureMessages":[],"meta":{}},{"ancestorTitles":["collabBridge - 远端消息应用"],"fullName":"collabBridge - 远端消息应用 收到 delta_set → 应用到本地并记远端审计","status":"passed","title":"收到 delta_set → 应用到本地并记远端审计","duration":2.661699999999655,"failureMessages":[],"meta":{}},{"ancestorTitles":["collabBridge - 远端消息应用"],"fullName":"collabBridge - 远端消息应用 收到 delta_insert → 插入到指定位置","status":"passed","title":"收到 delta_insert → 插入到指定位置","duration":1.893999999999778,"failureMessages":[],"meta":{}},{"ancestorTitles":["collabBridge - Host 中继与权限拦截"],"fullName":"collabBridge - Host 中继与权限拦截 Host 对仅查看成员的编辑予以拦截并发全量纠正","status":"passed","title":"Host 对仅查看成员的编辑予以拦截并发全量纠正","duration":4.766699999999673,"failureMessages":[],"meta":{}},{"ancestorTitles":["collabBridge - Host 中继与权限拦截"],"fullName":"collabBridge - Host 中继与权限拦截 Host 对可编辑成员的编辑予以中继并应用","status":"passed","title":"Host 对可编辑成员的编辑予以中继并应用","duration":2.2824999999998,"failureMessages":[],"meta":{}},{"ancestorTitles":["collabBridge - 审计与踢人"],"fullName":"collabBridge - 审计与踢人 kickPeer 由 host 触发且生成 danger 级审计","status":"passed","title":"kickPeer 由 host 触发且生成 danger 级审计","duration":1.7350000000001273,"failureMessages":[],"meta":{}},{"ancestorTitles":["collabBridge - 审计与踢人"],"fullName":"collabBridge - 审计与踢人 setPeerPermission 由 host 触发并生成 warning 级审计","status":"passed","title":"setPeerPermission 由 host 触发并生成 warning 级审计","duration":1.461999999999989,"failureMessages":[],"meta":{}},{"ancestorTitles":["collabBridge - 审计与踢人"],"fullName":"collabBridge - 审计与踢人 非 host 调用 setPeerPermission / kickPeer 静默无效","status":"passed","title":"非 host 调用 setPeerPermission / kickPeer 静默无效","duration":1.043500000000222,"failureMessages":[],"meta":{}}],"startTime":1785340793031,"endTime":1785340793396.0435,"status":"passed","message":"","name":"D:/ScriptWeaver/src/collab/__tests__/collabBridge.test.ts"},{"assertionResults":[{"ancestorTitles":["基础场景"],"fullName":"基础场景 空输入返回空数组","status":"passed","title":"空输入返回空数组","duration":2.0075999999999112,"failureMessages":[],"meta":{}},{"ancestorTitles":["基础场景"],"fullName":"基础场景 单行 Delta 正确归约","status":"passed","title":"单行 Delta 正确归约","duration":1.027599999999893,"failureMessages":[],"meta":{}},{"ancestorTitles":["基础场景"],"fullName":"基础场景 getResolvedState 便捷函数正常工作","status":"passed","title":"getResolvedState 便捷函数正常工作","duration":0.38840000000004693,"failureMessages":[],"meta":{}},{"ancestorTitles":["继承（null 语义）"],"fullName":"继承（null 语义） 背景 null → 继承上一行背景","status":"passed","title":"背景 null → 继承上一行背景","duration":0.30330000000003565,"failureMessages":[],"meta":{}},{"ancestorTitles":["继承（null 语义）"],"fullName":"继承（null 语义） 未提及的角色 → 继承上一行的 sprite/位置","status":"passed","title":"未提及的角色 → 继承上一行的 sprite/位置","duration":0.3565000000000964,"failureMessages":[],"meta":{}},{"ancestorTitles":["继承（null 语义）"],"fullName":"继承（null 语义） BGM null → 持续跨行继承","status":"passed","title":"BGM null → 持续跨行继承","duration":0.3218000000001666,"failureMessages":[],"meta":{}},{"ancestorTitles":["继承（null 语义）"],"fullName":"继承（null 语义） BGM 继承不受中间 se/voice 干扰","status":"passed","title":"BGM 继承不受中间 se/voice 干扰","duration":0.22430000000008476,"failureMessages":[],"meta":{}},{"ancestorTitles":["继承（null 语义）"],"fullName":"继承（null 语义） 环境音（ambient）独立继承，不受 BGM 变更影响","status":"passed","title":"环境音（ambient）独立继承，不受 BGM 变更影响","duration":0.23250000000007276,"failureMessages":[],"meta":{}},{"ancestorTitles":["继承（null 语义）"],"fullName":"继承（null 语义） 首行有 null 背景时，背景为 null","status":"passed","title":"首行有 null 背景时，背景为 null","duration":0.23049999999989268,"failureMessages":[],"meta":{}},{"ancestorTitles":["显式覆盖"],"fullName":"显式覆盖 角色换表情（sprite_id 切换）","status":"passed","title":"角色换表情（sprite_id 切换）","duration":0.2763999999999669,"failureMessages":[],"meta":{}},{"ancestorTitles":["显式覆盖"],"fullName":"显式覆盖 角色移动位置（position_slot 切换）","status":"passed","title":"角色移动位置（position_slot 切换）","duration":0.24440000000004147,"failureMessages":[],"meta":{}},{"ancestorTitles":["显式覆盖"],"fullName":"显式覆盖 背景显式切换覆盖继承","status":"passed","title":"背景显式切换覆盖继承","duration":0.2514000000001033,"failureMessages":[],"meta":{}},{"ancestorTitles":["显式覆盖"],"fullName":"显式覆盖 BGM 显式替换，不再继承旧 BGM","status":"passed","title":"BGM 显式替换，不再继承旧 BGM","duration":0.247300000000223,"failureMessages":[],"meta":{}},{"ancestorTitles":["显式覆盖"],"fullName":"显式覆盖 多个角色独立继承，只修改其中一个","status":"passed","title":"多个角色独立继承，只修改其中一个","duration":0.2579000000000633,"failureMessages":[],"meta":{}},{"ancestorTitles":["__CLEAR__ 清除语义"],"fullName":"__CLEAR__ 清除语义 BGM __CLEAR__ → 停止播放","status":"passed","title":"BGM __CLEAR__ → 停止播放","duration":0.20190000000002328,"failureMessages":[],"meta":{}},{"ancestorTitles":["__CLEAR__ 清除语义"],"fullName":"__CLEAR__ 清除语义 BGM __CLEAR__ 后不再继承","status":"passed","title":"BGM __CLEAR__ 后不再继承","duration":0.21529999999984284,"failureMessages":[],"meta":{}},{"ancestorTitles":["__CLEAR__ 清除语义"],"fullName":"__CLEAR__ 清除语义 环境音 __CLEAR__ 独立清除，BGM 不受影响","status":"passed","title":"环境音 __CLEAR__ 独立清除，BGM 不受影响","duration":0.26559999999994943,"failureMessages":[],"meta":{}},{"ancestorTitles":["__CLEAR__ 清除语义"],"fullName":"__CLEAR__ 清除语义 角色 hide → 从活跃角色中移除","status":"passed","title":"角色 hide → 从活跃角色中移除","duration":0.28660000000013497,"failureMessages":[],"meta":{}},{"ancestorTitles":["__CLEAR__ 清除语义"],"fullName":"__CLEAR__ 清除语义 角色 __CLEAR__ → 立即移除（与 hide 语义一致，均为移除）","status":"passed","title":"角色 __CLEAR__ → 立即移除（与 hide 语义一致，均为移除）","duration":0.15779999999995198,"failureMessages":[],"meta":{}},{"ancestorTitles":["__CLEAR__ 清除语义"],"fullName":"__CLEAR__ 清除语义 角色退场后，后续行不继承该角色","status":"passed","title":"角色退场后，后续行不继承该角色","duration":0.1717999999998483,"failureMessages":[],"meta":{}},{"ancestorTitles":["一次性事件（SE / Voice）"],"fullName":"一次性事件（SE / Voice） SE 不进入继承链，每行独立","status":"passed","title":"SE 不进入继承链，每行独立","duration":0.28959999999983665,"failureMessages":[],"meta":{}},{"ancestorTitles":["一次性事件（SE / Voice）"],"fullName":"一次性事件（SE / Voice） Voice 不进入继承链，每行独立","status":"passed","title":"Voice 不进入继承链，每行独立","duration":0.1492000000000644,"failureMessages":[],"meta":{}},{"ancestorTitles":["槽位复用"],"fullName":"槽位复用 角色引用的是槽位ID而非坐标数值","status":"passed","title":"角色引用的是槽位ID而非坐标数值","duration":0.21219999999993888,"failureMessages":[],"meta":{}},{"ancestorTitles":["槽位复用"],"fullName":"槽位复用 多个角色可同时使用不同槽位","status":"passed","title":"多个角色可同时使用不同槽位","duration":0.18830000000002656,"failureMessages":[],"meta":{}},{"ancestorTitles":["槽位复用"],"fullName":"槽位复用 未下达指令的角色直接复用上一行的 position_slot 引用","status":"passed","title":"未下达指令的角色直接复用上一行的 position_slot 引用","duration":0.19230000000015934,"failureMessages":[],"meta":{}},{"ancestorTitles":["音频区间跨行延续"],"fullName":"音频区间跨行延续 BGM 跨多行持续播放（时间轴色块覆盖多行）","status":"passed","title":"BGM 跨多行持续播放（时间轴色块覆盖多行）","duration":0.3548000000000684,"failureMessages":[],"meta":{}},{"ancestorTitles":["音频区间跨行延续"],"fullName":"音频区间跨行延续 BGM 和 Ambient 各自独立跨行","status":"passed","title":"BGM 和 Ambient 各自独立跨行","duration":0.378400000000056,"failureMessages":[],"meta":{}},{"ancestorTitles":["音频区间跨行延续"],"fullName":"音频区间跨行延续 BGM 在中间替换后延续","status":"passed","title":"BGM 在中间替换后延续","duration":0.34900000000016007,"failureMessages":[],"meta":{}},{"ancestorTitles":["音频区间跨行延续"],"fullName":"音频区间跨行延续 Ambient 在中间替换后延续，BGM 不受影响","status":"passed","title":"Ambient 在中间替换后延续，BGM 不受影响","duration":0.3914999999999509,"failureMessages":[],"meta":{}},{"ancestorTitles":["综合场景"],"fullName":"综合场景 完整对话场景：背景切换 + 角色出入 + BGM 替换","status":"passed","title":"完整对话场景：背景切换 + 角色出入 + BGM 替换","duration":1.7101999999999862,"failureMessages":[],"meta":{}},{"ancestorTitles":["综合场景"],"fullName":"综合场景 applyDelta 纯函数：相同输入产生相同输出","status":"passed","title":"applyDelta 纯函数：相同输入产生相同输出","duration":0.2584999999999127,"failureMessages":[],"meta":{}},{"ancestorTitles":["边界情况"],"fullName":"边界情况 speaker 为 null（旁白）正常处理","status":"passed","title":"speaker 为 null（旁白）正常处理","duration":0.19259999999985666,"failureMessages":[],"meta":{}},{"ancestorTitles":["边界情况"],"fullName":"边界情况 空 characters 对象不影响继承","status":"passed","title":"空 characters 对象不影响继承","duration":0.20509999999990214,"failureMessages":[],"meta":{}},{"ancestorTitles":["边界情况"],"fullName":"边界情况 show 同一个角色多次，最后一条生效","status":"passed","title":"show 同一个角色多次，最后一条生效","duration":0.1618999999998323,"failureMessages":[],"meta":{}},{"ancestorTitles":["边界情况"],"fullName":"边界情况 背景带 transition 参数正确传递","status":"passed","title":"背景带 transition 参数正确传递","duration":0.2298000000000684,"failureMessages":[],"meta":{}}],"startTime":1785340793149,"endTime":1785340793163.2297,"status":"passed","message":"","name":"D:/ScriptWeaver/src/core/__tests__/reducer.test.ts"},{"assertionResults":[{"ancestorTitles":["appStore - Undo/Redo"],"fullName":"appStore - Undo/Redo should push history on updateDeltaAt","status":"passed","title":"should push history on updateDeltaAt","duration":3.4832000000001244,"failureMessages":[],"meta":{}},{"ancestorTitles":["appStore - Undo/Redo"],"fullName":"appStore - Undo/Redo should undo back to previous state","status":"passed","title":"should undo back to previous state","duration":1.1801000000000386,"failureMessages":[],"meta":{}},{"ancestorTitles":["appStore - Undo/Redo"],"fullName":"appStore - Undo/Redo should redo after undo","status":"passed","title":"should redo after undo","duration":1.0859000000000378,"failureMessages":[],"meta":{}},{"ancestorTitles":["appStore - Undo/Redo"],"fullName":"appStore - Undo/Redo should clear future on new mutation after undo","status":"passed","title":"should clear future on new mutation after undo","duration":0.9701999999997497,"failureMessages":[],"meta":{}},{"ancestorTitles":["appStore - Undo/Redo"],"fullName":"appStore - Undo/Redo should track assets changes","status":"passed","title":"should track assets changes","duration":0.9423000000001593,"failureMessages":[],"meta":{}},{"ancestorTitles":["appStore - Undo/Redo"],"fullName":"appStore - Undo/Redo should track character changes","status":"passed","title":"should track character changes","duration":0.6874000000002525,"failureMessages":[],"meta":{}},{"ancestorTitles":["appStore - Undo/Redo"],"fullName":"appStore - Undo/Redo canUndo returns false with empty history","status":"passed","title":"canUndo returns false with empty history","duration":0.3243000000002212,"failureMessages":[],"meta":{}},{"ancestorTitles":["appStore - LineDelta CRUD"],"fullName":"appStore - LineDelta CRUD insertDeltaAt adds a line","status":"passed","title":"insertDeltaAt adds a line","duration":0.36120000000028085,"failureMessages":[],"meta":{}},{"ancestorTitles":["appStore - LineDelta CRUD"],"fullName":"appStore - LineDelta CRUD updateDeltaAt modifies a line","status":"passed","title":"updateDeltaAt modifies a line","duration":0.508600000000115,"failureMessages":[],"meta":{}},{"ancestorTitles":["appStore - LineDelta CRUD"],"fullName":"appStore - LineDelta CRUD batchUpdateDeltas updates multiple lines","status":"passed","title":"batchUpdateDeltas updates multiple lines","duration":0.9027000000000953,"failureMessages":[],"meta":{}}],"startTime":1785340793323,"endTime":1785340793333.9026,"status":"passed","message":"","name":"D:/ScriptWeaver/src/stores/__tests__/appStore.test.ts"},{"assertionResults":[{"ancestorTitles":["导出层黄金快照 · Ren'Py bundle 整文件"],"fullName":"导出层黄金快照 · Ren'Py bundle 整文件 script.rpy 整文件对拍","status":"passed","title":"script.rpy 整文件对拍","duration":2.936000000000149,"failureMessages":[],"meta":{}},{"ancestorTitles":["导出层黄金快照 · Ren'Py bundle 整文件"],"fullName":"导出层黄金快照 · Ren'Py bundle 整文件 definitions.rpy 整文件对拍","status":"passed","title":"definitions.rpy 整文件对拍","duration":0.5657000000001062,"failureMessages":[],"meta":{}},{"ancestorTitles":["导出层黄金快照 · Ren'Py bundle 整文件"],"fullName":"导出层黄金快照 · Ren'Py bundle 整文件 transforms.rpy 整文件对拍","status":"passed","title":"transforms.rpy 整文件对拍","duration":0.32340000000021973,"failureMessages":[],"meta":{}},{"ancestorTitles":["导出层黄金快照 · 挂载特效转 Ren'Py"],"fullName":"导出层黄金快照 · 挂载特效转 Ren'Py 特效脚本整文件对拍","status":"passed","title":"特效脚本整文件对拍","duration":0.3079999999999927,"failureMessages":[],"meta":{}},{"ancestorTitles":["导出层黄金快照 · 挂载特效转 Ren'Py"],"fullName":"导出层黄金快照 · 挂载特效转 Ren'Py 特效 transforms 整文件对拍","status":"passed","title":"特效 transforms 整文件对拍","duration":0.26230000000032305,"failureMessages":[],"meta":{}},{"ancestorTitles":["导出层黄金快照 · 多语言翻译骨架"],"fullName":"导出层黄金快照 · 多语言翻译骨架 chinese 翻译骨架整文件对拍","status":"passed","title":"chinese 翻译骨架整文件对拍","duration":0.2505999999998494,"failureMessages":[],"meta":{}},{"ancestorTitles":["导出层黄金快照 · Web 导出 gameJson"],"fullName":"导出层黄金快照 · Web 导出 gameJson gameJson 整文件对拍","status":"passed","title":"gameJson 整文件对拍","duration":0.22119999999995343,"failureMessages":[],"meta":{}},{"ancestorTitles":["导出层黄金快照 · 选择支（menu + 变量操作）"],"fullName":"导出层黄金快照 · 选择支（menu + 变量操作） 选择支行导出整文件对拍","status":"passed","title":"选择支行导出整文件对拍","duration":0.2096000000001368,"failureMessages":[],"meta":{}}],"startTime":1785340793333,"endTime":1785340793339.2212,"status":"passed","message":"","name":"D:/ScriptWeaver/src/utils/__tests__/exportGolden.test.ts"},{"assertionResults":[{"ancestorTitles":["tokenizeRenpyText 分词"],"fullName":"tokenizeRenpyText 分词 纯文本原样输出","status":"passed","title":"纯文本原样输出","duration":3.481599999999844,"failureMessages":[],"meta":{}},{"ancestorTitles":["tokenizeRenpyText 分词"],"fullName":"tokenizeRenpyText 分词 成对标签与自闭合标签正确区分","status":"passed","title":"成对标签与自闭合标签正确区分","duration":0.4980000000000473,"failureMessages":[],"meta":{}},{"ancestorTitles":["tokenizeRenpyText 分词"],"fullName":"tokenizeRenpyText 分词 变量插值与转换后缀","status":"passed","title":"变量插值与转换后缀","duration":0.44280000000003383,"failureMessages":[],"meta":{}},{"ancestorTitles":["tokenizeRenpyText 分词"],"fullName":"tokenizeRenpyText 分词 字面转义 {{ 与 [[ 不产生标签","status":"passed","title":"字面转义 {{ 与 [[ 不产生标签","duration":0.36639999999988504,"failureMessages":[],"meta":{}},{"ancestorTitles":["tokenizeRenpyText 分词"],"fullName":"tokenizeRenpyText 分词 未闭合花括号报错且不抛异常","status":"passed","title":"未闭合花括号报错且不抛异常","duration":0.34930000000008476,"failureMessages":[],"meta":{}},{"ancestorTitles":["validateRenpyText 校验"],"fullName":"validateRenpyText 校验 合法富文本零问题","status":"passed","title":"合法富文本零问题","duration":0.7789999999999964,"failureMessages":[],"meta":{}},{"ancestorTitles":["validateRenpyText 校验"],"fullName":"validateRenpyText 校验 未知标签报错","status":"passed","title":"未知标签报错","duration":0.24139999999988504,"failureMessages":[],"meta":{}},{"ancestorTitles":["validateRenpyText 校验"],"fullName":"validateRenpyText 校验 未闭合成对标签报错","status":"passed","title":"未闭合成对标签报错","duration":0.2437999999999647,"failureMessages":[],"meta":{}},{"ancestorTitles":["validateRenpyText 校验"],"fullName":"validateRenpyText 校验 交叉嵌套报错","status":"passed","title":"交叉嵌套报错","duration":0.23289999999997235,"failureMessages":[],"meta":{}},{"ancestorTitles":["validateRenpyText 校验"],"fullName":"validateRenpyText 校验 缺参数标签报错（color/size/w=非数字）","status":"passed","title":"缺参数标签报错（color/size/w=非数字）","duration":0.4309000000000651,"failureMessages":[],"meta":{}},{"ancestorTitles":["validateRenpyText 校验"],"fullName":"validateRenpyText 校验 未定义变量给警告，已定义不报","status":"passed","title":"未定义变量给警告，已定义不报","duration":0.47080000000005384,"failureMessages":[],"meta":{}},{"ancestorTitles":["stripRenpyMarkup 净化"],"fullName":"stripRenpyMarkup 净化 去除全部标签保留可见文本","status":"passed","title":"去除全部标签保留可见文本","duration":0.27530000000001564,"failureMessages":[],"meta":{}},{"ancestorTitles":["stripRenpyMarkup 净化"],"fullName":"stripRenpyMarkup 净化 插值按运行时值替换","status":"passed","title":"插值按运行时值替换","duration":0.21690000000012333,"failureMessages":[],"meta":{}},{"ancestorTitles":["stripRenpyMarkup 净化"],"fullName":"stripRenpyMarkup 净化 无值时保留变量名","status":"passed","title":"无值时保留变量名","duration":0.11760000000003856,"failureMessages":[],"meta":{}},{"ancestorTitles":["layoutRenpyText 渲染布局"],"fullName":"layoutRenpyText 渲染布局 样式正确叠加与闭合","status":"passed","title":"样式正确叠加与闭合","duration":1.9402000000000044,"failureMessages":[],"meta":{}},{"ancestorTitles":["layoutRenpyText 渲染布局"],"fullName":"layoutRenpyText 渲染布局 {w} 与 {p} 生成停顿与换行事件","status":"passed","title":"{w} 与 {p} 生成停顿与换行事件","duration":0.35950000000002547,"failureMessages":[],"meta":{}},{"ancestorTitles":["layoutRenpyText 渲染布局"],"fullName":"layoutRenpyText 渲染布局 插值用运行时值，缺失保留 [var] 提示","status":"passed","title":"插值用运行时值，缺失保留 [var] 提示","duration":0.36419999999998254,"failureMessages":[],"meta":{}},{"ancestorTitles":["layoutRenpyText 渲染布局"],"fullName":"layoutRenpyText 渲染布局 未知标签原样显示不吞字","status":"passed","title":"未知标签原样显示不吞字","duration":0.2335000000000491,"failureMessages":[],"meta":{}},{"ancestorTitles":["layoutRenpyText 渲染布局"],"fullName":"layoutRenpyText 渲染布局 颜色与字号进入样式","status":"passed","title":"颜色与字号进入样式","duration":0.22859999999991487,"failureMessages":[],"meta":{}},{"ancestorTitles":["辅助函数"],"fullName":"辅助函数 resolveSizeCss 相对与绝对换算","status":"passed","title":"resolveSizeCss 相对与绝对换算","duration":0.21509999999989304,"failureMessages":[],"meta":{}},{"ancestorTitles":["辅助函数"],"fullName":"辅助函数 countVisibleChars 只数可见字符","status":"passed","title":"countVisibleChars 只数可见字符","duration":0.13149999999995998,"failureMessages":[],"meta":{}}],"startTime":1785340793153,"endTime":1785340793166.1316,"status":"passed","message":"","name":"D:/ScriptWeaver/src/utils/__tests__/renpyText.test.ts"},{"assertionResults":[{"ancestorTitles":["rpyExporter · Ren'Py 合规产出"],"fullName":"rpyExporter · Ren'Py 合规产出 label 与语句缩进为 4 空格","status":"passed","title":"label 与语句缩进为 4 空格","duration":3.3091999999996915,"failureMessages":[],"meta":{}},{"ancestorTitles":["rpyExporter · Ren'Py 合规产出"],"fullName":"rpyExporter · Ren'Py 合规产出 缩放通过合规 transform（sw_pos/sw_zoom），绝不使用非法的 zoom() 调用","status":"passed","title":"缩放通过合规 transform（sw_pos/sw_zoom），绝不使用非法的 zoom() 调用","duration":0.8083999999998923,"failureMessages":[],"meta":{}},{"ancestorTitles":["rpyExporter · Ren'Py 合规产出"],"fullName":"rpyExporter · Ren'Py 合规产出 自定义特效过渡（push）被定义为 transform，保证 with 可被解析","status":"passed","title":"自定义特效过渡（push）被定义为 transform，保证 with 可被解析","duration":0.4044999999996435,"failureMessages":[],"meta":{}},{"ancestorTitles":["rpyExporter · Ren'Py 合规产出"],"fullName":"rpyExporter · Ren'Py 合规产出 内建过渡（dissolve）无需额外定义即可使用","status":"passed","title":"内建过渡（dissolve）无需额外定义即可使用","duration":0.47850000000016735,"failureMessages":[],"meta":{}},{"ancestorTitles":["rpyExporter · Ren'Py 合规产出"],"fullName":"rpyExporter · Ren'Py 合规产出 隐藏角色生成 hide 语句","status":"passed","title":"隐藏角色生成 hide 语句","duration":0.24620000000004438,"failureMessages":[],"meta":{}},{"ancestorTitles":["rpyExporter · Ren'Py 合规产出"],"fullName":"rpyExporter · Ren'Py 合规产出 所有非内建 with <name> 都在 definitions 中有 transform 定义","status":"passed","title":"所有非内建 with <name> 都在 definitions 中有 transform 定义","duration":1.179700000000139,"failureMessages":[],"meta":{}},{"ancestorTitles":["rpyExporter · Ren'Py 合规产出"],"fullName":"rpyExporter · Ren'Py 合规产出 buildBundle 同时产出 script 与 definitions","status":"passed","title":"buildBundle 同时产出 script 与 definitions","duration":0.9956999999999425,"failureMessages":[],"meta":{}},{"ancestorTitles":["rpyExporter · 挂载特效导出闭环（任务 2/2）"],"fullName":"rpyExporter · 挂载特效导出闭环（任务 2/2） transforms.rpy 生成参数化 transform 定义（shake/blink），且内建工厂 dissolve 不重复定义","status":"passed","title":"transforms.rpy 生成参数化 transform 定义（shake/blink），且内建工厂 dissolve 不重复定义","duration":0.6266000000000531,"failureMessages":[],"meta":{}},{"ancestorTitles":["rpyExporter · 挂载特效导出闭环（任务 2/2）"],"fullName":"rpyExporter · 挂载特效导出闭环（任务 2/2） show 语句把 transform 型挂载特效追加到 at 子句","status":"passed","title":"show 语句把 transform 型挂载特效追加到 at 子句","duration":0.4633000000003449,"failureMessages":[],"meta":{}},{"ancestorTitles":["rpyExporter · 挂载特效导出闭环（任务 2/2）"],"fullName":"rpyExporter · 挂载特效导出闭环（任务 2/2） 背景挂载内建过渡工厂 → with dissolve(0.5) 直接调用","status":"passed","title":"背景挂载内建过渡工厂 → with dissolve(0.5) 直接调用","duration":0.27149999999983265,"failureMessages":[],"meta":{}},{"ancestorTitles":["rpyExporter · 挂载特效导出闭环（任务 2/2）"],"fullName":"rpyExporter · 挂载特效导出闭环（任务 2/2） 同一特效多次挂载只生成一次 transform 定义（去重）","status":"passed","title":"同一特效多次挂载只生成一次 transform 定义（去重）","duration":0.1228000000000975,"failureMessages":[],"meta":{}},{"ancestorTitles":["rpyExporter · 挂载特效导出闭环（任务 2/2）"],"fullName":"rpyExporter · 挂载特效导出闭环（任务 2/2） 关闭启用的挂载特效在导出中被忽略","status":"passed","title":"关闭启用的挂载特效在导出中被忽略","duration":0.47690000000011423,"failureMessages":[],"meta":{}},{"ancestorTitles":["rpyExporter · 三大类目与缺失项补全（增补任务）"],"fullName":"rpyExporter · 三大类目与缺失项补全（增补任务） 所有可挂载特效均归属三大核心类目（无遗漏、无游离）","status":"passed","title":"所有可挂载特效均归属三大核心类目（无遗漏、无游离）","duration":1.8704999999999927,"failureMessages":[],"meta":{}},{"ancestorTitles":["rpyExporter · 三大类目与缺失项补全（增补任务）"],"fullName":"rpyExporter · 三大类目与缺失项补全（增补任务） Wipe 转场映射到 Ren'Py 内建 with wiperight(time) 且不生成自定义 transform","status":"passed","title":"Wipe 转场映射到 Ren'Py 内建 with wiperight(time) 且不生成自定义 transform","duration":0.4151000000001659,"failureMessages":[],"meta":{}},{"ancestorTitles":["rpyExporter · 三大类目与缺失项补全（增补任务）"],"fullName":"rpyExporter · 三大类目与缺失项补全（增补任务） 滤镜挂载导出为 show layer master: matrixcolor（全屏色调），且不进 transforms.rpy","status":"passed","title":"滤镜挂载导出为 show layer master: matrixcolor（全屏色调），且不进 transforms.rpy","duration":0.34639999999990323,"failureMessages":[],"meta":{}},{"ancestorTitles":["rpyExporter · 三大类目与缺失项补全（增补任务）"],"fullName":"rpyExporter · 三大类目与缺失项补全（增补任务） 多滤镜按 ColorMatrix 乘法组合（Saturation * Hue），关闭后回退 IdentityMatrix","status":"passed","title":"多滤镜按 ColorMatrix 乘法组合（Saturation * Hue），关闭后回退 IdentityMatrix","duration":0.5030000000001564,"failureMessages":[],"meta":{}},{"ancestorTitles":["rpyExporter · 三大类目与缺失项补全（增补任务）"],"fullName":"rpyExporter · 三大类目与缺失项补全（增补任务） Sepia 滤镜导出为内建 SepiaMatrix()","status":"passed","title":"Sepia 滤镜导出为内建 SepiaMatrix()","duration":0.26759999999967476,"failureMessages":[],"meta":{}},{"ancestorTitles":["rpyExporter · 三大类目与缺失项补全（增补任务）"],"fullName":"rpyExporter · 三大类目与缺失项补全（增补任务） 呼吸 / 位置微调作为元素特效导出 at sw_custom_breathing / sw_custom_nudge","status":"passed","title":"呼吸 / 位置微调作为元素特效导出 at sw_custom_breathing / sw_custom_nudge","duration":0.5774000000001251,"failureMessages":[],"meta":{}},{"ancestorTitles":["rpyExporter · 舞台级全局滤镜（stageEffects，任务 1/3）"],"fullName":"rpyExporter · 舞台级全局滤镜（stageEffects，任务 1/3） stageEffects 导出为整层 show layer master: matrixcolor，关闭后自动复位 IdentityMatrix","status":"passed","title":"stageEffects 导出为整层 show layer master: matrixcolor，关闭后自动复位 IdentityMatrix","duration":0.508600000000115,"failureMessages":[],"meta":{}},{"ancestorTitles":["rpyExporter · 舞台级全局滤镜（stageEffects，任务 1/3）"],"fullName":"rpyExporter · 舞台级全局滤镜（stageEffects，任务 1/3） 舞台滤镜与立绘/背景滤镜共存时合并到同一整层 matrixcolor","status":"passed","title":"舞台滤镜与立绘/背景滤镜共存时合并到同一整层 matrixcolor","duration":0.41489999999976135,"failureMessages":[],"meta":{}},{"ancestorTitles":["rpyExporter · 全局变量中央数据库（任务 1/3）"],"fullName":"rpyExporter · 全局变量中央数据库（任务 1/3） definitions.rpy 输出 default 声明（boolean 为大写 True/False）","status":"passed","title":"definitions.rpy 输出 default 声明（boolean 为大写 True/False）","duration":0.48480000000017753,"failureMessages":[],"meta":{}},{"ancestorTitles":["rpyExporter · 全局变量中央数据库（任务 1/3）"],"fullName":"rpyExporter · 全局变量中央数据库（任务 1/3） 剧本行变量操作导出为 $ <python 表达式>，且位于台词之前","status":"passed","title":"剧本行变量操作导出为 $ <python 表达式>，且位于台词之前","duration":0.5526999999997315,"failureMessages":[],"meta":{}},{"ancestorTitles":["rpyExporter · 全局变量中央数据库（任务 1/3）"],"fullName":"rpyExporter · 全局变量中央数据库（任务 1/3） toggle 操作导出为 $ x = not x","status":"passed","title":"toggle 操作导出为 $ x = not x","duration":0.24769999999989523,"failureMessages":[],"meta":{}},{"ancestorTitles":["rpyExporter · 选择支行（ChoiceLine，任务 2/3）"],"fullName":"rpyExporter · 选择支行（ChoiceLine，任务 2/3） 导出为 Ren'Py menu: 块，含 if 条件与 jump 目标，缩进合规","status":"passed","title":"导出为 Ren'Py menu: 块，含 if 条件与 jump 目标，缩进合规","duration":0.9618000000000393,"failureMessages":[],"meta":{}},{"ancestorTitles":["rpyExporter · 选择支行（ChoiceLine，任务 2/3）"],"fullName":"rpyExporter · 选择支行（ChoiceLine，任务 2/3） 选择支行不发射 say 台词节点（提示语作为 menu 标题而非独立 say）","status":"passed","title":"选择支行不发射 say 台词节点（提示语作为 menu 标题而非独立 say）","duration":0.3216000000002168,"failureMessages":[],"meta":{}},{"ancestorTitles":["rpyExporter · 选择支行（ChoiceLine，任务 2/3）"],"fullName":"rpyExporter · 选择支行（ChoiceLine，任务 2/3） 校验：选项文本为空时报错","status":"passed","title":"校验：选项文本为空时报错","duration":0.8859999999999673,"failureMessages":[],"meta":{}},{"ancestorTitles":["rpyExporter · 选择支行（ChoiceLine，任务 2/3）"],"fullName":"rpyExporter · 选择支行（ChoiceLine，任务 2/3） 校验：选择支至少需要一个选项","status":"passed","title":"校验：选择支至少需要一个选项","duration":0.21519999999964057,"failureMessages":[],"meta":{}},{"ancestorTitles":["rpyExporter · 剧情标签节点化与多分支（任务 3/3）"],"fullName":"rpyExporter · 剧情标签节点化与多分支（任务 3/3） 任意行携带 label 导出为独立 label 节点（剧情块），且被 jump 引用时合法可达","status":"passed","title":"任意行携带 label 导出为独立 label 节点（剧情块），且被 jump 引用时合法可达","duration":0.579899999999725,"failureMessages":[],"meta":{}},{"ancestorTitles":["rpyExporter · 剧情标签节点化与多分支（任务 3/3）"],"fullName":"rpyExporter · 剧情标签节点化与多分支（任务 3/3） 被 jump 引用的分支段在段尾补 return，避免穿透进下一剧情块","status":"passed","title":"被 jump 引用的分支段在段尾补 return，避免穿透进下一剧情块","duration":0.4798000000000684,"failureMessages":[],"meta":{}},{"ancestorTitles":["rpyExporter · 剧情标签节点化与多分支（任务 3/3）"],"fullName":"rpyExporter · 剧情标签节点化与多分支（任务 3/3） 铁律4：未定义/缺失的 target_label 绝不发射 jump，降级为注释 + return（无 NameError）","status":"passed","title":"铁律4：未定义/缺失的 target_label 绝不发射 jump，降级为注释 + return（无 NameError）","duration":0.3764000000001033,"failureMessages":[],"meta":{}},{"ancestorTitles":["rpyExporter · 剧情标签节点化与多分支（任务 3/3）"],"fullName":"rpyExporter · 剧情标签节点化与多分支（任务 3/3） 选项内联变量操作导出为选项分支内 12 空格缩进的 $ 语句，且在 jump 之前","status":"passed","title":"选项内联变量操作导出为选项分支内 12 空格缩进的 $ 语句，且在 jump 之前","duration":0.44699999999966167,"failureMessages":[],"meta":{}},{"ancestorTitles":["rpyExporter · 剧情标签节点化与多分支（任务 3/3）"],"fullName":"rpyExporter · 剧情标签节点化与多分支（任务 3/3） 校验：标签名非合法标识符时报错","status":"passed","title":"校验：标签名非合法标识符时报错","duration":0.24530000000004293,"failureMessages":[],"meta":{}},{"ancestorTitles":["rpyExporter · 剧情标签节点化与多分支（任务 3/3）"],"fullName":"rpyExporter · 剧情标签节点化与多分支（任务 3/3） 校验：重复标签名报错","status":"passed","title":"校验：重复标签名报错","duration":0.21019999999998618,"failureMessages":[],"meta":{}},{"ancestorTitles":["rpyExporter · 剧情标签节点化与多分支（任务 3/3）"],"fullName":"rpyExporter · 剧情标签节点化与多分支（任务 3/3） 校验：标签名 start 与入口冲突报错","status":"passed","title":"校验：标签名 start 与入口冲突报错","duration":0.19180000000005748,"failureMessages":[],"meta":{}}],"startTime":1785340793268,"endTime":1785340793290.2454,"status":"passed","message":"","name":"D:/ScriptWeaver/src/utils/__tests__/rpyExporter.test.ts"},{"assertionResults":[{"ancestorTitles":["scriptDsl - 往返幂等"],"fullName":"scriptDsl - 往返幂等 serialize → parse → serialize 文本一致","status":"passed","title":"serialize → parse → serialize 文本一致","duration":2.4662000000000717,"failureMessages":[],"meta":{}},{"ancestorTitles":["scriptDsl - 解析正确性"],"fullName":"scriptDsl - 解析正确性 解析出 3 行，且类型正确","status":"passed","title":"解析出 3 行，且类型正确","duration":0.34390000000007603,"failureMessages":[],"meta":{}},{"ancestorTitles":["scriptDsl - 解析正确性"],"fullName":"scriptDsl - 解析正确性 立绘 show 带 scale / slot / 资源","status":"passed","title":"立绘 show 带 scale / slot / 资源","duration":0.440900000000056,"failureMessages":[],"meta":{}},{"ancestorTitles":["scriptDsl - 解析正确性"],"fullName":"scriptDsl - 解析正确性 背景带过渡与特效","status":"passed","title":"背景带过渡与特效","duration":0.259900000000016,"failureMessages":[],"meta":{}},{"ancestorTitles":["scriptDsl - 解析正确性"],"fullName":"scriptDsl - 解析正确性 音频轨道（bgm / se / voice）还原","status":"passed","title":"音频轨道（bgm / se / voice）还原","duration":1.3454999999999018,"failureMessages":[],"meta":{}},{"ancestorTitles":["scriptDsl - 解析正确性"],"fullName":"scriptDsl - 解析正确性 变量操作与舞台滤镜还原","status":"passed","title":"变量操作与舞台滤镜还原","duration":1.4764999999999873,"failureMessages":[],"meta":{}},{"ancestorTitles":["scriptDsl - 解析正确性"],"fullName":"scriptDsl - 解析正确性 hide 指令与 bgm 清除还原","status":"passed","title":"hide 指令与 bgm 清除还原","duration":0.2967999999998483,"failureMessages":[],"meta":{}},{"ancestorTitles":["scriptDsl - 解析正确性"],"fullName":"scriptDsl - 解析正确性 选择支选项带 jump / if / ops","status":"passed","title":"选择支选项带 jump / if / ops","duration":0.34169999999994616,"failureMessages":[],"meta":{}},{"ancestorTitles":["scriptDsl - 解析正确性"],"fullName":"scriptDsl - 解析正确性 label 锚点挂回对应行","status":"passed","title":"label 锚点挂回对应行","duration":0.14990000000011605,"failureMessages":[],"meta":{}},{"ancestorTitles":["scriptDsl - 人工可读文本"],"fullName":"scriptDsl - 人工可读文本 输出人类可辨识的脚本","status":"passed","title":"输出人类可辨识的脚本","duration":0.5670000000000073,"failureMessages":[],"meta":{}}],"startTime":1785340793190,"endTime":1785340793198.567,"status":"passed","message":"","name":"D:/ScriptWeaver/src/utils/__tests__/scriptDsl.test.ts"},{"assertionResults":[{"ancestorTitles":["varRuntime · 运行时变量引擎"],"fullName":"varRuntime · 运行时变量引擎 initRuntimeValues 取变量初始值","status":"passed","title":"initRuntimeValues 取变量初始值","duration":1.2144000000000688,"failureMessages":[],"meta":{}},{"ancestorTitles":["varRuntime · 运行时变量引擎"],"fullName":"varRuntime · 运行时变量引擎 applyOp：set / add / subtract / toggle","status":"passed","title":"applyOp：set / add / subtract / toggle","duration":0.2902999999998883,"failureMessages":[],"meta":{}},{"ancestorTitles":["varRuntime · 运行时变量引擎"],"fullName":"varRuntime · 运行时变量引擎 applyOps 顺序应用（不可变原对象）","status":"passed","title":"applyOps 顺序应用（不可变原对象）","duration":0.17689999999993233,"failureMessages":[],"meta":{}},{"ancestorTitles":["varRuntime · 运行时变量引擎"],"fullName":"varRuntime · 运行时变量引擎 evalCondition：比较 / 布尔 / and / or / not","status":"passed","title":"evalCondition：比较 / 布尔 / and / or / not","duration":1.3432999999999993,"failureMessages":[],"meta":{}},{"ancestorTitles":["varRuntime · 运行时变量引擎"],"fullName":"varRuntime · 运行时变量引擎 evalCondition：空条件恒为真（放宽显示）","status":"passed","title":"evalCondition：空条件恒为真（放宽显示）","duration":0.21040000000016335,"failureMessages":[],"meta":{}},{"ancestorTitles":["varRuntime · 运行时变量引擎"],"fullName":"varRuntime · 运行时变量引擎 evalCondition：注入式危险字符串被安全放宽（不抛错、返回 true）","status":"passed","title":"evalCondition：注入式危险字符串被安全放宽（不抛错、返回 true）","duration":0.2720000000001619,"failureMessages":[],"meta":{}},{"ancestorTitles":["varRuntime · 运行时变量引擎"],"fullName":"varRuntime · 运行时变量引擎 findLabelIndex：start → 0，命中返回行号，未定义返回 -1","status":"passed","title":"findLabelIndex：start → 0，命中返回行号，未定义返回 -1","duration":0.3993999999997868,"failureMessages":[],"meta":{}}],"startTime":1785340793155,"endTime":1785340793159.3994,"status":"passed","message":"","name":"D:/ScriptWeaver/src/utils/__tests__/varRuntime.test.ts"},{"assertionResults":[{"ancestorTitles":["StagePreview"],"fullName":"StagePreview should render without crashing","status":"passed","title":"should render without crashing","duration":23.226599999999962,"failureMessages":[],"meta":{}},{"ancestorTitles":["StagePreview"],"fullName":"StagePreview should show empty state when no states available","status":"passed","title":"should show empty state when no states available","duration":3.033600000000206,"failureMessages":[],"meta":{}}],"startTime":1785340793664,"endTime":1785340793690.0337,"status":"passed","message":"","name":"D:/ScriptWeaver/src/components/layout/__tests__/StagePreview.test.tsx"},{"assertionResults":[{"ancestorTitles":["Timeline"],"fullName":"Timeline should render track headers","status":"passed","title":"should render track headers","duration":85.8412000000003,"failureMessages":[],"meta":{}},{"ancestorTitles":["Timeline"],"fullName":"Timeline should render track labels (BGM, Ambient, SE)","status":"passed","title":"should render track labels (BGM, Ambient, SE)","duration":15.269400000000132,"failureMessages":[],"meta":{}}],"startTime":1785340793484,"endTime":1785340793586.2693,"status":"passed","message":"","name":"D:/ScriptWeaver/src/components/layout/__tests__/Timeline.test.tsx"}]}