{"numTotalTestSuites":50,"numPassedTestSuites":50,"numFailedTestSuites":0,"numPendingTestSuites":0,"numTotalTests":140,"numPassedTests":140,"numFailedTests":0,"numPendingTests":0,"numTodoTests":0,"snapshot":{"added":0,"failure":false,"filesAdded":0,"filesRemoved":0,"filesRemovedList":[],"filesUnmatched":0,"filesUpdated":0,"matched":8,"total":8,"unchecked":0,"uncheckedKeysByFile":[],"unmatched":0,"updated":0,"didUpdate":false},"startTime":1785340234489,"success":true,"testResults":[{"assertionResults":[{"ancestorTitles":["collabBridge - 生命周期"],"fullName":"collabBridge - 生命周期 startHost 触发 connected 后进入 host 在线态","status":"passed","title":"startHost 触发 connected 后进入 host 在线态","duration":440.83089999999993,"failureMessages":[],"meta":{}},{"ancestorTitles":["collabBridge - 生命周期"],"fullName":"collabBridge - 生命周期 joinSession 触发 connected 后进入 guest 在线态","status":"passed","title":"joinSession 触发 connected 后进入 guest 在线态","duration":1.5214000000000851,"failureMessages":[],"meta":{}},{"ancestorTitles":["collabBridge - 本地编辑广播"],"fullName":"collabBridge - 本地编辑广播 单行改动 → 广播 delta_set 并写入审计日志","status":"passed","title":"单行改动 → 广播 delta_set 并写入审计日志","duration":7.0692000000003645,"failureMessages":[],"meta":{}},{"ancestorTitles":["collabBridge - 权限强制（仅查看）"],"fullName":"collabBridge - 权限强制（仅查看） guest 仅查看模式下本地编辑被回滚并报错","status":"passed","title":"guest 仅查看模式下本地编辑被回滚并报错","duration":3.040400000000318,"failureMessages":[],"meta":{}},{"ancestorTitles":["collabBridge - 远端消息应用"],"fullName":"collabBridge - 远端消息应用 收到 delta_set → 应用到本地并记远端审计","status":"passed","title":"收到 delta_set → 应用到本地并记远端审计","duration":2.3569000000002234,"failureMessages":[],"meta":{}},{"ancestorTitles":["collabBridge - 远端消息应用"],"fullName":"collabBridge - 远端消息应用 收到 delta_insert → 插入到指定位置","status":"passed","title":"收到 delta_insert → 插入到指定位置","duration":1.5142000000000735,"failureMessages":[],"meta":{}},{"ancestorTitles":["collabBridge - Host 中继与权限拦截"],"fullName":"collabBridge - Host 中继与权限拦截 Host 对仅查看成员的编辑予以拦截并发全量纠正","status":"passed","title":"Host 对仅查看成员的编辑予以拦截并发全量纠正","duration":4.256099999999606,"failureMessages":[],"meta":{}},{"ancestorTitles":["collabBridge - Host 中继与权限拦截"],"fullName":"collabBridge - Host 中继与权限拦截 Host 对可编辑成员的编辑予以中继并应用","status":"passed","title":"Host 对可编辑成员的编辑予以中继并应用","duration":1.9239999999999782,"failureMessages":[],"meta":{}},{"ancestorTitles":["collabBridge - 审计与踢人"],"fullName":"collabBridge - 审计与踢人 kickPeer 由 host 触发且生成 danger 级审计","status":"passed","title":"kickPeer 由 host 触发且生成 danger 级审计","duration":1.592200000000048,"failureMessages":[],"meta":{}},{"ancestorTitles":["collabBridge - 审计与踢人"],"fullName":"collabBridge - 审计与踢人 setPeerPermission 由 host 触发并生成 warning 级审计","status":"passed","title":"setPeerPermission 由 host 触发并生成 warning 级审计","duration":1.7786000000000968,"failureMessages":[],"meta":{}},{"ancestorTitles":["collabBridge - 审计与踢人"],"fullName":"collabBridge - 审计与踢人 非 host 调用 setPeerPermission / kickPeer 静默无效","status":"passed","title":"非 host 调用 setPeerPermission / kickPeer 静默无效","duration":1.4630999999999403,"failureMessages":[],"meta":{}}],"startTime":1785340236590,"endTime":1785340237058.4631,"status":"passed","message":"","name":"D:/ScriptWeaver/src/collab/__tests__/collabBridge.test.ts"},{"assertionResults":[{"ancestorTitles":["基础场景"],"fullName":"基础场景 空输入返回空数组","status":"passed","title":"空输入返回空数组","duration":1.8179000000000087,"failureMessages":[],"meta":{}},{"ancestorTitles":["基础场景"],"fullName":"基础场景 单行 Delta 正确归约","status":"passed","title":"单行 Delta 正确归约","duration":1.1696999999999207,"failureMessages":[],"meta":{}},{"ancestorTitles":["基础场景"],"fullName":"基础场景 getResolvedState 便捷函数正常工作","status":"passed","title":"getResolvedState 便捷函数正常工作","duration":0.4535000000000764,"failureMessages":[],"meta":{}},{"ancestorTitles":["继承（null 语义）"],"fullName":"继承（null 语义） 背景 null → 继承上一行背景","status":"passed","title":"背景 null → 继承上一行背景","duration":0.28350000000000364,"failureMessages":[],"meta":{}},{"ancestorTitles":["继承（null 语义）"],"fullName":"继承（null 语义） 未提及的角色 → 继承上一行的 sprite/位置","status":"passed","title":"未提及的角色 → 继承上一行的 sprite/位置","duration":0.2359999999998763,"failureMessages":[],"meta":{}},{"ancestorTitles":["继承（null 语义）"],"fullName":"继承（null 语义） BGM null → 持续跨行继承","status":"passed","title":"BGM null → 持续跨行继承","duration":0.24890000000004875,"failureMessages":[],"meta":{}},{"ancestorTitles":["继承（null 语义）"],"fullName":"继承（null 语义） BGM 继承不受中间 se/voice 干扰","status":"passed","title":"BGM 继承不受中间 se/voice 干扰","duration":0.198399999999765,"failureMessages":[],"meta":{}},{"ancestorTitles":["继承（null 语义）"],"fullName":"继承（null 语义） 环境音（ambient）独立继承，不受 BGM 变更影响","status":"passed","title":"环境音（ambient）独立继承，不受 BGM 变更影响","duration":0.24260000000003856,"failureMessages":[],"meta":{}},{"ancestorTitles":["继承（null 语义）"],"fullName":"继承（null 语义） 首行有 null 背景时，背景为 null","status":"passed","title":"首行有 null 背景时，背景为 null","duration":0.2262999999998101,"failureMessages":[],"meta":{}},{"ancestorTitles":["显式覆盖"],"fullName":"显式覆盖 角色换表情（sprite_id 切换）","status":"passed","title":"角色换表情（sprite_id 切换）","duration":0.27819999999974243,"failureMessages":[],"meta":{}},{"ancestorTitles":["显式覆盖"],"fullName":"显式覆盖 角色移动位置（position_slot 切换）","status":"passed","title":"角色移动位置（position_slot 切换）","duration":0.1610000000000582,"failureMessages":[],"meta":{}},{"ancestorTitles":["显式覆盖"],"fullName":"显式覆盖 背景显式切换覆盖继承","status":"passed","title":"背景显式切换覆盖继承","duration":0.15730000000030486,"failureMessages":[],"meta":{}},{"ancestorTitles":["显式覆盖"],"fullName":"显式覆盖 BGM 显式替换，不再继承旧 BGM","status":"passed","title":"BGM 显式替换，不再继承旧 BGM","duration":0.14010000000007494,"failureMessages":[],"meta":{}},{"ancestorTitles":["显式覆盖"],"fullName":"显式覆盖 多个角色独立继承，只修改其中一个","status":"passed","title":"多个角色独立继承，只修改其中一个","duration":0.14490000000023429,"failureMessages":[],"meta":{}},{"ancestorTitles":["__CLEAR__ 清除语义"],"fullName":"__CLEAR__ 清除语义 BGM __CLEAR__ → 停止播放","status":"passed","title":"BGM __CLEAR__ → 停止播放","duration":0.1044000000001688,"failureMessages":[],"meta":{}},{"ancestorTitles":["__CLEAR__ 清除语义"],"fullName":"__CLEAR__ 清除语义 BGM __CLEAR__ 后不再继承","status":"passed","title":"BGM __CLEAR__ 后不再继承","duration":0.10750000000007276,"failureMessages":[],"meta":{}},{"ancestorTitles":["__CLEAR__ 清除语义"],"fullName":"__CLEAR__ 清除语义 环境音 __CLEAR__ 独立清除，BGM 不受影响","status":"passed","title":"环境音 __CLEAR__ 独立清除，BGM 不受影响","duration":0.1714999999999236,"failureMessages":[],"meta":{}},{"ancestorTitles":["__CLEAR__ 清除语义"],"fullName":"__CLEAR__ 清除语义 角色 hide → 从活跃角色中移除","status":"passed","title":"角色 hide → 从活跃角色中移除","duration":0.15089999999963766,"failureMessages":[],"meta":{}},{"ancestorTitles":["__CLEAR__ 清除语义"],"fullName":"__CLEAR__ 清除语义 角色 __CLEAR__ → 立即移除（与 hide 语义一致，均为移除）","status":"passed","title":"角色 __CLEAR__ → 立即移除（与 hide 语义一致，均为移除）","duration":0.07520000000022264,"failureMessages":[],"meta":{}},{"ancestorTitles":["__CLEAR__ 清除语义"],"fullName":"__CLEAR__ 清除语义 角色退场后，后续行不继承该角色","status":"passed","title":"角色退场后，后续行不继承该角色","duration":0.08699999999998909,"failureMessages":[],"meta":{}},{"ancestorTitles":["一次性事件（SE / Voice）"],"fullName":"一次性事件（SE / Voice） SE 不进入继承链，每行独立","status":"passed","title":"SE 不进入继承链，每行独立","duration":0.12570000000005166,"failureMessages":[],"meta":{}},{"ancestorTitles":["一次性事件（SE / Voice）"],"fullName":"一次性事件（SE / Voice） Voice 不进入继承链，每行独立","status":"passed","title":"Voice 不进入继承链，每行独立","duration":0.07289999999966312,"failureMessages":[],"meta":{}},{"ancestorTitles":["槽位复用"],"fullName":"槽位复用 角色引用的是槽位ID而非坐标数值","status":"passed","title":"角色引用的是槽位ID而非坐标数值","duration":0.14240000000017972,"failureMessages":[],"meta":{}},{"ancestorTitles":["槽位复用"],"fullName":"槽位复用 多个角色可同时使用不同槽位","status":"passed","title":"多个角色可同时使用不同槽位","duration":0.09439999999995052,"failureMessages":[],"meta":{}},{"ancestorTitles":["槽位复用"],"fullName":"槽位复用 未下达指令的角色直接复用上一行的 position_slot 引用","status":"passed","title":"未下达指令的角色直接复用上一行的 position_slot 引用","duration":0.10869999999977153,"failureMessages":[],"meta":{}},{"ancestorTitles":["音频区间跨行延续"],"fullName":"音频区间跨行延续 BGM 跨多行持续播放（时间轴色块覆盖多行）","status":"passed","title":"BGM 跨多行持续播放（时间轴色块覆盖多行）","duration":0.29569999999966967,"failureMessages":[],"meta":{}},{"ancestorTitles":["音频区间跨行延续"],"fullName":"音频区间跨行延续 BGM 和 Ambient 各自独立跨行","status":"passed","title":"BGM 和 Ambient 各自独立跨行","duration":0.30549999999993815,"failureMessages":[],"meta":{}},{"ancestorTitles":["音频区间跨行延续"],"fullName":"音频区间跨行延续 BGM 在中间替换后延续","status":"passed","title":"BGM 在中间替换后延续","duration":0.20640000000003056,"failureMessages":[],"meta":{}},{"ancestorTitles":["音频区间跨行延续"],"fullName":"音频区间跨行延续 Ambient 在中间替换后延续，BGM 不受影响","status":"passed","title":"Ambient 在中间替换后延续，BGM 不受影响","duration":0.23309999999992215,"failureMessages":[],"meta":{}},{"ancestorTitles":["综合场景"],"fullName":"综合场景 完整对话场景：背景切换 + 角色出入 + BGM 替换","status":"passed","title":"完整对话场景：背景切换 + 角色出入 + BGM 替换","duration":1.2196999999996478,"failureMessages":[],"meta":{}},{"ancestorTitles":["综合场景"],"fullName":"综合场景 applyDelta 纯函数：相同输入产生相同输出","status":"passed","title":"applyDelta 纯函数：相同输入产生相同输出","duration":0.21170000000029177,"failureMessages":[],"meta":{}},{"ancestorTitles":["边界情况"],"fullName":"边界情况 speaker 为 null（旁白）正常处理","status":"passed","title":"speaker 为 null（旁白）正常处理","duration":0.13550000000032014,"failureMessages":[],"meta":{}},{"ancestorTitles":["边界情况"],"fullName":"边界情况 空 characters 对象不影响继承","status":"passed","title":"空 characters 对象不影响继承","duration":0.23450000000002547,"failureMessages":[],"meta":{}},{"ancestorTitles":["边界情况"],"fullName":"边界情况 show 同一个角色多次，最后一条生效","status":"passed","title":"show 同一个角色多次，最后一条生效","duration":0.16170000000010987,"failureMessages":[],"meta":{}},{"ancestorTitles":["边界情况"],"fullName":"边界情况 背景带 transition 参数正确传递","status":"passed","title":"背景带 transition 参数正确传递","duration":0.17039999999997235,"failureMessages":[],"meta":{}}],"startTime":1785340236630,"endTime":1785340236641.2346,"status":"passed","message":"","name":"D:/ScriptWeaver/src/core/__tests__/reducer.test.ts"},{"assertionResults":[{"ancestorTitles":["appStore - Undo/Redo"],"fullName":"appStore - Undo/Redo should push history on updateDeltaAt","status":"passed","title":"should push history on updateDeltaAt","duration":4.106200000000172,"failureMessages":[],"meta":{}},{"ancestorTitles":["appStore - Undo/Redo"],"fullName":"appStore - Undo/Redo should undo back to previous state","status":"passed","title":"should undo back to previous state","duration":0.8800000000001091,"failureMessages":[],"meta":{}},{"ancestorTitles":["appStore - Undo/Redo"],"fullName":"appStore - Undo/Redo should redo after undo","status":"passed","title":"should redo after undo","duration":0.7328000000002248,"failureMessages":[],"meta":{}},{"ancestorTitles":["appStore - Undo/Redo"],"fullName":"appStore - Undo/Redo should clear future on new mutation after undo","status":"passed","title":"should clear future on new mutation after undo","duration":0.5989999999997053,"failureMessages":[],"meta":{}},{"ancestorTitles":["appStore - Undo/Redo"],"fullName":"appStore - Undo/Redo should track assets changes","status":"passed","title":"should track assets changes","duration":0.6743999999998778,"failureMessages":[],"meta":{}},{"ancestorTitles":["appStore - Undo/Redo"],"fullName":"appStore - Undo/Redo should track character changes","status":"passed","title":"should track character changes","duration":0.7046000000000276,"failureMessages":[],"meta":{}},{"ancestorTitles":["appStore - Undo/Redo"],"fullName":"appStore - Undo/Redo canUndo returns false with empty history","status":"passed","title":"canUndo returns false with empty history","duration":0.4067000000000007,"failureMessages":[],"meta":{}},{"ancestorTitles":["appStore - LineDelta CRUD"],"fullName":"appStore - LineDelta CRUD insertDeltaAt adds a line","status":"passed","title":"insertDeltaAt adds a line","duration":0.469300000000203,"failureMessages":[],"meta":{}},{"ancestorTitles":["appStore - LineDelta CRUD"],"fullName":"appStore - LineDelta CRUD updateDeltaAt modifies a line","status":"passed","title":"updateDeltaAt modifies a line","duration":0.6684000000000196,"failureMessages":[],"meta":{}},{"ancestorTitles":["appStore - LineDelta CRUD"],"fullName":"appStore - LineDelta CRUD batchUpdateDeltas updates multiple lines","status":"passed","title":"batchUpdateDeltas updates multiple lines","duration":0.9594999999999345,"failureMessages":[],"meta":{}}],"startTime":1785340236925,"endTime":1785340236935.9595,"status":"passed","message":"","name":"D:/ScriptWeaver/src/stores/__tests__/appStore.test.ts"},{"assertionResults":[{"ancestorTitles":["导出层黄金快照 · Ren'Py bundle 整文件"],"fullName":"导出层黄金快照 · Ren'Py bundle 整文件 script.rpy 整文件对拍","status":"passed","title":"script.rpy 整文件对拍","duration":3.485099999999875,"failureMessages":[],"meta":{}},{"ancestorTitles":["导出层黄金快照 · Ren'Py bundle 整文件"],"fullName":"导出层黄金快照 · Ren'Py bundle 整文件 definitions.rpy 整文件对拍","status":"passed","title":"definitions.rpy 整文件对拍","duration":0.5845000000003893,"failureMessages":[],"meta":{}},{"ancestorTitles":["导出层黄金快照 · Ren'Py bundle 整文件"],"fullName":"导出层黄金快照 · Ren'Py bundle 整文件 transforms.rpy 整文件对拍","status":"passed","title":"transforms.rpy 整文件对拍","duration":0.2964999999999236,"failureMessages":[],"meta":{}},{"ancestorTitles":["导出层黄金快照 · 挂载特效转 Ren'Py"],"fullName":"导出层黄金快照 · 挂载特效转 Ren'Py 特效脚本整文件对拍","status":"passed","title":"特效脚本整文件对拍","duration":0.2300000000000182,"failureMessages":[],"meta":{}},{"ancestorTitles":["导出层黄金快照 · 挂载特效转 Ren'Py"],"fullName":"导出层黄金快照 · 挂载特效转 Ren'Py 特效 transforms 整文件对拍","status":"passed","title":"特效 transforms 整文件对拍","duration":0.1572000000001026,"failureMessages":[],"meta":{}},{"ancestorTitles":["导出层黄金快照 · 多语言翻译骨架"],"fullName":"导出层黄金快照 · 多语言翻译骨架 chinese 翻译骨架整文件对拍","status":"passed","title":"chinese 翻译骨架整文件对拍","duration":0.21289999999999054,"failureMessages":[],"meta":{}},{"ancestorTitles":["导出层黄金快照 · Web 导出 gameJson"],"fullName":"导出层黄金快照 · Web 导出 gameJson gameJson 整文件对拍","status":"passed","title":"gameJson 整文件对拍","duration":0.22640000000001237,"failureMessages":[],"meta":{}},{"ancestorTitles":["导出层黄金快照 · 选择支（menu + 变量操作）"],"fullName":"导出层黄金快照 · 选择支（menu + 变量操作） 选择支行导出整文件对拍","status":"passed","title":"选择支行导出整文件对拍","duration":0.1936000000000604,"failureMessages":[],"meta":{}}],"startTime":1785340236948,"endTime":1785340236954.2263,"status":"passed","message":"","name":"D:/ScriptWeaver/src/utils/__tests__/exportGolden.test.ts"},{"assertionResults":[{"ancestorTitles":["tokenizeRenpyText 分词"],"fullName":"tokenizeRenpyText 分词 纯文本原样输出","status":"passed","title":"纯文本原样输出","duration":3.636199999999917,"failureMessages":[],"meta":{}},{"ancestorTitles":["tokenizeRenpyText 分词"],"fullName":"tokenizeRenpyText 分词 成对标签与自闭合标签正确区分","status":"passed","title":"成对标签与自闭合标签正确区分","duration":0.6053999999999178,"failureMessages":[],"meta":{}},{"ancestorTitles":["tokenizeRenpyText 分词"],"fullName":"tokenizeRenpyText 分词 变量插值与转换后缀","status":"passed","title":"变量插值与转换后缀","duration":0.4886999999998807,"failureMessages":[],"meta":{}},{"ancestorTitles":["tokenizeRenpyText 分词"],"fullName":"tokenizeRenpyText 分词 字面转义 {{ 与 [[ 不产生标签","status":"passed","title":"字面转义 {{ 与 [[ 不产生标签","duration":0.348700000000008,"failureMessages":[],"meta":{}},{"ancestorTitles":["tokenizeRenpyText 分词"],"fullName":"tokenizeRenpyText 分词 未闭合花括号报错且不抛异常","status":"passed","title":"未闭合花括号报错且不抛异常","duration":0.3160000000002583,"failureMessages":[],"meta":{}},{"ancestorTitles":["validateRenpyText 校验"],"fullName":"validateRenpyText 校验 合法富文本零问题","status":"passed","title":"合法富文本零问题","duration":0.6554000000000997,"failureMessages":[],"meta":{}},{"ancestorTitles":["validateRenpyText 校验"],"fullName":"validateRenpyText 校验 未知标签报错","status":"passed","title":"未知标签报错","duration":0.23779999999987922,"failureMessages":[],"meta":{}},{"ancestorTitles":["validateRenpyText 校验"],"fullName":"validateRenpyText 校验 未闭合成对标签报错","status":"passed","title":"未闭合成对标签报错","duration":0.15949999999975262,"failureMessages":[],"meta":{}},{"ancestorTitles":["validateRenpyText 校验"],"fullName":"validateRenpyText 校验 交叉嵌套报错","status":"passed","title":"交叉嵌套报错","duration":0.13919999999961874,"failureMessages":[],"meta":{}},{"ancestorTitles":["validateRenpyText 校验"],"fullName":"validateRenpyText 校验 缺参数标签报错（color/size/w=非数字）","status":"passed","title":"缺参数标签报错（color/size/w=非数字）","duration":0.2381000000000313,"failureMessages":[],"meta":{}},{"ancestorTitles":["validateRenpyText 校验"],"fullName":"validateRenpyText 校验 未定义变量给警告，已定义不报","status":"passed","title":"未定义变量给警告，已定义不报","duration":0.4274999999997817,"failureMessages":[],"meta":{}},{"ancestorTitles":["stripRenpyMarkup 净化"],"fullName":"stripRenpyMarkup 净化 去除全部标签保留可见文本","status":"passed","title":"去除全部标签保留可见文本","duration":0.22140000000035798,"failureMessages":[],"meta":{}},{"ancestorTitles":["stripRenpyMarkup 净化"],"fullName":"stripRenpyMarkup 净化 插值按运行时值替换","status":"passed","title":"插值按运行时值替换","duration":0.18519999999989523,"failureMessages":[],"meta":{}},{"ancestorTitles":["stripRenpyMarkup 净化"],"fullName":"stripRenpyMarkup 净化 无值时保留变量名","status":"passed","title":"无值时保留变量名","duration":0.11340000000018335,"failureMessages":[],"meta":{}},{"ancestorTitles":["layoutRenpyText 渲染布局"],"fullName":"layoutRenpyText 渲染布局 样式正确叠加与闭合","status":"passed","title":"样式正确叠加与闭合","duration":1.8442000000000007,"failureMessages":[],"meta":{}},{"ancestorTitles":["layoutRenpyText 渲染布局"],"fullName":"layoutRenpyText 渲染布局 {w} 与 {p} 生成停顿与换行事件","status":"passed","title":"{w} 与 {p} 生成停顿与换行事件","duration":0.3283000000001266,"failureMessages":[],"meta":{}},{"ancestorTitles":["layoutRenpyText 渲染布局"],"fullName":"layoutRenpyText 渲染布局 插值用运行时值，缺失保留 [var] 提示","status":"passed","title":"插值用运行时值，缺失保留 [var] 提示","duration":0.32529999999997017,"failureMessages":[],"meta":{}},{"ancestorTitles":["layoutRenpyText 渲染布局"],"fullName":"layoutRenpyText 渲染布局 未知标签原样显示不吞字","status":"passed","title":"未知标签原样显示不吞字","duration":0.20000000000027285,"failureMessages":[],"meta":{}},{"ancestorTitles":["layoutRenpyText 渲染布局"],"fullName":"layoutRenpyText 渲染布局 颜色与字号进入样式","status":"passed","title":"颜色与字号进入样式","duration":0.248899999999594,"failureMessages":[],"meta":{}},{"ancestorTitles":["辅助函数"],"fullName":"辅助函数 resolveSizeCss 相对与绝对换算","status":"passed","title":"resolveSizeCss 相对与绝对换算","duration":0.3002999999998792,"failureMessages":[],"meta":{}},{"ancestorTitles":["辅助函数"],"fullName":"辅助函数 countVisibleChars 只数可见字符","status":"passed","title":"countVisibleChars 只数可见字符","duration":0.22949999999991633,"failureMessages":[],"meta":{}}],"startTime":1785340236831,"endTime":1785340236843.2295,"status":"passed","message":"","name":"D:/ScriptWeaver/src/utils/__tests__/renpyText.test.ts"},{"assertionResults":[{"ancestorTitles":["rpyExporter · Ren'Py 合规产出"],"fullName":"rpyExporter · Ren'Py 合规产出 label 与语句缩进为 4 空格","status":"passed","title":"label 与语句缩进为 4 空格","duration":3.0751000000000204,"failureMessages":[],"meta":{}},{"ancestorTitles":["rpyExporter · Ren'Py 合规产出"],"fullName":"rpyExporter · Ren'Py 合规产出 缩放通过合规 transform（sw_pos/sw_zoom），绝不使用非法的 zoom() 调用","status":"passed","title":"缩放通过合规 transform（sw_pos/sw_zoom），绝不使用非法的 zoom() 调用","duration":0.5587000000000444,"failureMessages":[],"meta":{}},{"ancestorTitles":["rpyExporter · Ren'Py 合规产出"],"fullName":"rpyExporter · Ren'Py 合规产出 自定义特效过渡（push）被定义为 transform，保证 with 可被解析","status":"passed","title":"自定义特效过渡（push）被定义为 transform，保证 with 可被解析","duration":0.22260000000005675,"failureMessages":[],"meta":{}},{"ancestorTitles":["rpyExporter · Ren'Py 合规产出"],"fullName":"rpyExporter · Ren'Py 合规产出 内建过渡（dissolve）无需额外定义即可使用","status":"passed","title":"内建过渡（dissolve）无需额外定义即可使用","duration":0.1993999999999687,"failureMessages":[],"meta":{}},{"ancestorTitles":["rpyExporter · Ren'Py 合规产出"],"fullName":"rpyExporter · Ren'Py 合规产出 隐藏角色生成 hide 语句","status":"passed","title":"隐藏角色生成 hide 语句","duration":0.11779999999998836,"failureMessages":[],"meta":{}},{"ancestorTitles":["rpyExporter · Ren'Py 合规产出"],"fullName":"rpyExporter · Ren'Py 合规产出 所有非内建 with <name> 都在 definitions 中有 transform 定义","status":"passed","title":"所有非内建 with <name> 都在 definitions 中有 transform 定义","duration":0.9756999999999607,"failureMessages":[],"meta":{}},{"ancestorTitles":["rpyExporter · Ren'Py 合规产出"],"fullName":"rpyExporter · Ren'Py 合规产出 buildBundle 同时产出 script 与 definitions","status":"passed","title":"buildBundle 同时产出 script 与 definitions","duration":0.6773000000002867,"failureMessages":[],"meta":{}},{"ancestorTitles":["rpyExporter · 挂载特效导出闭环（任务 2/2）"],"fullName":"rpyExporter · 挂载特效导出闭环（任务 2/2） transforms.rpy 生成参数化 transform 定义（shake/blink），且内建工厂 dissolve 不重复定义","status":"passed","title":"transforms.rpy 生成参数化 transform 定义（shake/blink），且内建工厂 dissolve 不重复定义","duration":0.36570000000028813,"failureMessages":[],"meta":{}},{"ancestorTitles":["rpyExporter · 挂载特效导出闭环（任务 2/2）"],"fullName":"rpyExporter · 挂载特效导出闭环（任务 2/2） show 语句把 transform 型挂载特效追加到 at 子句","status":"passed","title":"show 语句把 transform 型挂载特效追加到 at 子句","duration":0.3425999999999476,"failureMessages":[],"meta":{}},{"ancestorTitles":["rpyExporter · 挂载特效导出闭环（任务 2/2）"],"fullName":"rpyExporter · 挂载特效导出闭环（任务 2/2） 背景挂载内建过渡工厂 → with dissolve(0.5) 直接调用","status":"passed","title":"背景挂载内建过渡工厂 → with dissolve(0.5) 直接调用","duration":0.21959999999990032,"failureMessages":[],"meta":{}},{"ancestorTitles":["rpyExporter · 挂载特效导出闭环（任务 2/2）"],"fullName":"rpyExporter · 挂载特效导出闭环（任务 2/2） 同一特效多次挂载只生成一次 transform 定义（去重）","status":"passed","title":"同一特效多次挂载只生成一次 transform 定义（去重）","duration":0.14589999999998327,"failureMessages":[],"meta":{}},{"ancestorTitles":["rpyExporter · 挂载特效导出闭环（任务 2/2）"],"fullName":"rpyExporter · 挂载特效导出闭环（任务 2/2） 关闭启用的挂载特效在导出中被忽略","status":"passed","title":"关闭启用的挂载特效在导出中被忽略","duration":0.5158999999998741,"failureMessages":[],"meta":{}},{"ancestorTitles":["rpyExporter · 三大类目与缺失项补全（增补任务）"],"fullName":"rpyExporter · 三大类目与缺失项补全（增补任务） 所有可挂载特效均归属三大核心类目（无遗漏、无游离）","status":"passed","title":"所有可挂载特效均归属三大核心类目（无遗漏、无游离）","duration":2.667500000000018,"failureMessages":[],"meta":{}},{"ancestorTitles":["rpyExporter · 三大类目与缺失项补全（增补任务）"],"fullName":"rpyExporter · 三大类目与缺失项补全（增补任务） Wipe 转场映射到 Ren'Py 内建 with wiperight(time) 且不生成自定义 transform","status":"passed","title":"Wipe 转场映射到 Ren'Py 内建 with wiperight(time) 且不生成自定义 transform","duration":0.5228000000001884,"failureMessages":[],"meta":{}},{"ancestorTitles":["rpyExporter · 三大类目与缺失项补全（增补任务）"],"fullName":"rpyExporter · 三大类目与缺失项补全（增补任务） 滤镜挂载导出为 show layer master: matrixcolor（全屏色调），且不进 transforms.rpy","status":"passed","title":"滤镜挂载导出为 show layer master: matrixcolor（全屏色调），且不进 transforms.rpy","duration":0.45950000000038926,"failureMessages":[],"meta":{}},{"ancestorTitles":["rpyExporter · 三大类目与缺失项补全（增补任务）"],"fullName":"rpyExporter · 三大类目与缺失项补全（增补任务） 多滤镜按 ColorMatrix 乘法组合（Saturation * Hue），关闭后回退 IdentityMatrix","status":"passed","title":"多滤镜按 ColorMatrix 乘法组合（Saturation * Hue），关闭后回退 IdentityMatrix","duration":0.46869999999989886,"failureMessages":[],"meta":{}},{"ancestorTitles":["rpyExporter · 三大类目与缺失项补全（增补任务）"],"fullName":"rpyExporter · 三大类目与缺失项补全（增补任务） Sepia 滤镜导出为内建 SepiaMatrix()","status":"passed","title":"Sepia 滤镜导出为内建 SepiaMatrix()","duration":0.2705000000000837,"failureMessages":[],"meta":{}},{"ancestorTitles":["rpyExporter · 三大类目与缺失项补全（增补任务）"],"fullName":"rpyExporter · 三大类目与缺失项补全（增补任务） 呼吸 / 位置微调作为元素特效导出 at sw_custom_breathing / sw_custom_nudge","status":"passed","title":"呼吸 / 位置微调作为元素特效导出 at sw_custom_breathing / sw_custom_nudge","duration":0.5833999999999833,"failureMessages":[],"meta":{}},{"ancestorTitles":["rpyExporter · 舞台级全局滤镜（stageEffects，任务 1/3）"],"fullName":"rpyExporter · 舞台级全局滤镜（stageEffects，任务 1/3） stageEffects 导出为整层 show layer master: matrixcolor，关闭后自动复位 IdentityMatrix","status":"passed","title":"stageEffects 导出为整层 show layer master: matrixcolor，关闭后自动复位 IdentityMatrix","duration":0.4614999999998872,"failureMessages":[],"meta":{}},{"ancestorTitles":["rpyExporter · 舞台级全局滤镜（stageEffects，任务 1/3）"],"fullName":"rpyExporter · 舞台级全局滤镜（stageEffects，任务 1/3） 舞台滤镜与立绘/背景滤镜共存时合并到同一整层 matrixcolor","status":"passed","title":"舞台滤镜与立绘/背景滤镜共存时合并到同一整层 matrixcolor","duration":0.3490999999999076,"failureMessages":[],"meta":{}},{"ancestorTitles":["rpyExporter · 全局变量中央数据库（任务 1/3）"],"fullName":"rpyExporter · 全局变量中央数据库（任务 1/3） definitions.rpy 输出 default 声明（boolean 为大写 True/False）","status":"passed","title":"definitions.rpy 输出 default 声明（boolean 为大写 True/False）","duration":0.4574000000002343,"failureMessages":[],"meta":{}},{"ancestorTitles":["rpyExporter · 全局变量中央数据库（任务 1/3）"],"fullName":"rpyExporter · 全局变量中央数据库（任务 1/3） 剧本行变量操作导出为 $ <python 表达式>，且位于台词之前","status":"passed","title":"剧本行变量操作导出为 $ <python 表达式>，且位于台词之前","duration":0.5183000000001812,"failureMessages":[],"meta":{}},{"ancestorTitles":["rpyExporter · 全局变量中央数据库（任务 1/3）"],"fullName":"rpyExporter · 全局变量中央数据库（任务 1/3） toggle 操作导出为 $ x = not x","status":"passed","title":"toggle 操作导出为 $ x = not x","duration":0.20359999999982392,"failureMessages":[],"meta":{}},{"ancestorTitles":["rpyExporter · 选择支行（ChoiceLine，任务 2/3）"],"fullName":"rpyExporter · 选择支行（ChoiceLine，任务 2/3） 导出为 Ren'Py menu: 块，含 if 条件与 jump 目标，缩进合规","status":"passed","title":"导出为 Ren'Py menu: 块，含 if 条件与 jump 目标，缩进合规","duration":0.9311000000002423,"failureMessages":[],"meta":{}},{"ancestorTitles":["rpyExporter · 选择支行（ChoiceLine，任务 2/3）"],"fullName":"rpyExporter · 选择支行（ChoiceLine，任务 2/3） 选择支行不发射 say 台词节点（提示语作为 menu 标题而非独立 say）","status":"passed","title":"选择支行不发射 say 台词节点（提示语作为 menu 标题而非独立 say）","duration":0.29899999999997817,"failureMessages":[],"meta":{}},{"ancestorTitles":["rpyExporter · 选择支行（ChoiceLine，任务 2/3）"],"fullName":"rpyExporter · 选择支行（ChoiceLine，任务 2/3） 校验：选项文本为空时报错","status":"passed","title":"校验：选项文本为空时报错","duration":0.9315000000001419,"failureMessages":[],"meta":{}},{"ancestorTitles":["rpyExporter · 选择支行（ChoiceLine，任务 2/3）"],"fullName":"rpyExporter · 选择支行（ChoiceLine，任务 2/3） 校验：选择支至少需要一个选项","status":"passed","title":"校验：选择支至少需要一个选项","duration":0.1920999999997548,"failureMessages":[],"meta":{}},{"ancestorTitles":["rpyExporter · 剧情标签节点化与多分支（任务 3/3）"],"fullName":"rpyExporter · 剧情标签节点化与多分支（任务 3/3） 任意行携带 label 导出为独立 label 节点（剧情块），且被 jump 引用时合法可达","status":"passed","title":"任意行携带 label 导出为独立 label 节点（剧情块），且被 jump 引用时合法可达","duration":0.5315999999997985,"failureMessages":[],"meta":{}},{"ancestorTitles":["rpyExporter · 剧情标签节点化与多分支（任务 3/3）"],"fullName":"rpyExporter · 剧情标签节点化与多分支（任务 3/3） 被 jump 引用的分支段在段尾补 return，避免穿透进下一剧情块","status":"passed","title":"被 jump 引用的分支段在段尾补 return，避免穿透进下一剧情块","duration":0.46450000000004366,"failureMessages":[],"meta":{}},{"ancestorTitles":["rpyExporter · 剧情标签节点化与多分支（任务 3/3）"],"fullName":"rpyExporter · 剧情标签节点化与多分支（任务 3/3） 铁律4：未定义/缺失的 target_label 绝不发射 jump，降级为注释 + return（无 NameError）","status":"passed","title":"铁律4：未定义/缺失的 target_label 绝不发射 jump，降级为注释 + return（无 NameError）","duration":0.33140000000003056,"failureMessages":[],"meta":{}},{"ancestorTitles":["rpyExporter · 剧情标签节点化与多分支（任务 3/3）"],"fullName":"rpyExporter · 剧情标签节点化与多分支（任务 3/3） 选项内联变量操作导出为选项分支内 12 空格缩进的 $ 语句，且在 jump 之前","status":"passed","title":"选项内联变量操作导出为选项分支内 12 空格缩进的 $ 语句，且在 jump 之前","duration":0.4796000000001186,"failureMessages":[],"meta":{}},{"ancestorTitles":["rpyExporter · 剧情标签节点化与多分支（任务 3/3）"],"fullName":"rpyExporter · 剧情标签节点化与多分支（任务 3/3） 校验：标签名非合法标识符时报错","status":"passed","title":"校验：标签名非合法标识符时报错","duration":0.25389999999970314,"failureMessages":[],"meta":{}},{"ancestorTitles":["rpyExporter · 剧情标签节点化与多分支（任务 3/3）"],"fullName":"rpyExporter · 剧情标签节点化与多分支（任务 3/3） 校验：重复标签名报错","status":"passed","title":"校验：重复标签名报错","duration":0.22380000000021028,"failureMessages":[],"meta":{}},{"ancestorTitles":["rpyExporter · 剧情标签节点化与多分支（任务 3/3）"],"fullName":"rpyExporter · 剧情标签节点化与多分支（任务 3/3） 校验：标签名 start 与入口冲突报错","status":"passed","title":"校验：标签名 start 与入口冲突报错","duration":0.2134000000000924,"failureMessages":[],"meta":{}}],"startTime":1785340236902,"endTime":1785340236922.254,"status":"passed","message":"","name":"D:/ScriptWeaver/src/utils/__tests__/rpyExporter.test.ts"},{"assertionResults":[{"ancestorTitles":["scriptDsl - 往返幂等"],"fullName":"scriptDsl - 往返幂等 serialize → parse → serialize 文本一致","status":"passed","title":"serialize → parse → serialize 文本一致","duration":2.6640000000002146,"failureMessages":[],"meta":{}},{"ancestorTitles":["scriptDsl - 解析正确性"],"fullName":"scriptDsl - 解析正确性 解析出 3 行，且类型正确","status":"passed","title":"解析出 3 行，且类型正确","duration":0.3848000000002685,"failureMessages":[],"meta":{}},{"ancestorTitles":["scriptDsl - 解析正确性"],"fullName":"scriptDsl - 解析正确性 立绘 show 带 scale / slot / 资源","status":"passed","title":"立绘 show 带 scale / slot / 资源","duration":0.4229000000000269,"failureMessages":[],"meta":{}},{"ancestorTitles":["scriptDsl - 解析正确性"],"fullName":"scriptDsl - 解析正确性 背景带过渡与特效","status":"passed","title":"背景带过渡与特效","duration":0.25540000000000873,"failureMessages":[],"meta":{}},{"ancestorTitles":["scriptDsl - 解析正确性"],"fullName":"scriptDsl - 解析正确性 音频轨道（bgm / se / voice）还原","status":"passed","title":"音频轨道（bgm / se / voice）还原","duration":1.3489999999997053,"failureMessages":[],"meta":{}},{"ancestorTitles":["scriptDsl - 解析正确性"],"fullName":"scriptDsl - 解析正确性 变量操作与舞台滤镜还原","status":"passed","title":"变量操作与舞台滤镜还原","duration":1.3890999999998712,"failureMessages":[],"meta":{}},{"ancestorTitles":["scriptDsl - 解析正确性"],"fullName":"scriptDsl - 解析正确性 hide 指令与 bgm 清除还原","status":"passed","title":"hide 指令与 bgm 清除还原","duration":0.23869999999988067,"failureMessages":[],"meta":{}},{"ancestorTitles":["scriptDsl - 解析正确性"],"fullName":"scriptDsl - 解析正确性 选择支选项带 jump / if / ops","status":"passed","title":"选择支选项带 jump / if / ops","duration":0.269800000000032,"failureMessages":[],"meta":{}},{"ancestorTitles":["scriptDsl - 解析正确性"],"fullName":"scriptDsl - 解析正确性 label 锚点挂回对应行","status":"passed","title":"label 锚点挂回对应行","duration":0.10059999999975844,"failureMessages":[],"meta":{}},{"ancestorTitles":["scriptDsl - 人工可读文本"],"fullName":"scriptDsl - 人工可读文本 输出人类可辨识的脚本","status":"passed","title":"输出人类可辨识的脚本","duration":0.4756999999999607,"failureMessages":[],"meta":{}}],"startTime":1785340236783,"endTime":1785340236790.4756,"status":"passed","message":"","name":"D:/ScriptWeaver/src/utils/__tests__/scriptDsl.test.ts"},{"assertionResults":[{"ancestorTitles":["varRuntime · 运行时变量引擎"],"fullName":"varRuntime · 运行时变量引擎 initRuntimeValues 取变量初始值","status":"passed","title":"initRuntimeValues 取变量初始值","duration":1.814900000000307,"failureMessages":[],"meta":{}},{"ancestorTitles":["varRuntime · 运行时变量引擎"],"fullName":"varRuntime · 运行时变量引擎 applyOp：set / add / subtract / toggle","status":"passed","title":"applyOp：set / add / subtract / toggle","duration":0.5113000000001193,"failureMessages":[],"meta":{}},{"ancestorTitles":["varRuntime · 运行时变量引擎"],"fullName":"varRuntime · 运行时变量引擎 applyOps 顺序应用（不可变原对象）","status":"passed","title":"applyOps 顺序应用（不可变原对象）","duration":0.29970000000002983,"failureMessages":[],"meta":{}},{"ancestorTitles":["varRuntime · 运行时变量引擎"],"fullName":"varRuntime · 运行时变量引擎 evalCondition：比较 / 布尔 / and / or / not","status":"passed","title":"evalCondition：比较 / 布尔 / and / or / not","duration":1.3872000000001208,"failureMessages":[],"meta":{}},{"ancestorTitles":["varRuntime · 运行时变量引擎"],"fullName":"varRuntime · 运行时变量引擎 evalCondition：空条件恒为真（放宽显示）","status":"passed","title":"evalCondition：空条件恒为真（放宽显示）","duration":0.1546000000003005,"failureMessages":[],"meta":{}},{"ancestorTitles":["varRuntime · 运行时变量引擎"],"fullName":"varRuntime · 运行时变量引擎 evalCondition：注入式危险字符串被安全放宽（不抛错、返回 true）","status":"passed","title":"evalCondition：注入式危险字符串被安全放宽（不抛错、返回 true）","duration":0.17259999999987485,"failureMessages":[],"meta":{}},{"ancestorTitles":["varRuntime · 运行时变量引擎"],"fullName":"varRuntime · 运行时变量引擎 findLabelIndex：start → 0，命中返回行号，未定义返回 -1","status":"passed","title":"findLabelIndex：start → 0，命中返回行号，未定义返回 -1","duration":0.24529999999958818,"failureMessages":[],"meta":{}}],"startTime":1785340236782,"endTime":1785340236787.2454,"status":"passed","message":"","name":"D:/ScriptWeaver/src/utils/__tests__/varRuntime.test.ts"},{"assertionResults":[{"ancestorTitles":["StagePreview"],"fullName":"StagePreview should render without crashing","status":"passed","title":"should render without crashing","duration":35.197999999999865,"failureMessages":[],"meta":{}},{"ancestorTitles":["StagePreview"],"fullName":"StagePreview should show empty state when no states available","status":"passed","title":"should show empty state when no states available","duration":3.6421000000000276,"failureMessages":[],"meta":{}}],"startTime":1785340237454,"endTime":1785340237493.642,"status":"passed","message":"","name":"D:/ScriptWeaver/src/components/layout/__tests__/StagePreview.test.tsx"},{"assertionResults":[{"ancestorTitles":["Timeline"],"fullName":"Timeline should render track headers","status":"passed","title":"should render track headers","duration":67.4659999999999,"failureMessages":[],"meta":{}},{"ancestorTitles":["Timeline"],"fullName":"Timeline should render track labels (BGM, Ambient, SE)","status":"passed","title":"should render track labels (BGM, Ambient, SE)","duration":12.714599999999791,"failureMessages":[],"meta":{}}],"startTime":1785340237090,"endTime":1785340237169.7146,"status":"passed","message":"","name":"D:/ScriptWeaver/src/components/layout/__tests__/Timeline.test.tsx"}]}